  stdafx.cpp
  MyUtil.cpp
c:\users\lee진\desktop\3d 프레임워크\20161123_rendertotexture\direct3d_rendertotexture\direct3d_15\direct3d_15.v12.v12\myutil.cpp(293): warning C4018: '<': signed 또는 unsigned가 일치하지 않습니다.
c:\users\lee진\desktop\3d 프레임워크\20161123_rendertotexture\direct3d_rendertotexture\direct3d_15\direct3d_15.v12.v12\myutil.cpp(405): warning C4018: '<': signed 또는 unsigned가 일치하지 않습니다.
  Direct3D_00.cpp
  cXMesh_Static.cpp
c:\users\lee진\desktop\3d 프레임워크\20161123_rendertotexture\direct3d_rendertotexture\direct3d_15\direct3d_15.v12.v12\cxmesh_static.cpp(225): warning C4018: '<': signed 또는 unsigned가 일치하지 않습니다.
  cXMesh.cpp
  cTransform.cpp
c:\users\lee진\desktop\3d 프레임워크\20161123_rendertotexture\direct3d_rendertotexture\direct3d_15\direct3d_15.v12.v12\ctransform.cpp(1376): warning C4244: '초기화 중': 'LONG'에서 'float'(으)로 변환하면서 데이터가 손실될 수 있습니다.
c:\users\lee진\desktop\3d 프레임워크\20161123_rendertotexture\direct3d_rendertotexture\direct3d_15\direct3d_15.v12.v12\ctransform.cpp(1377): warning C4244: '초기화 중': 'LONG'에서 'float'(으)로 변환하면서 데이터가 손실될 수 있습니다.
  cTimeMgr.cpp
  cTerrain.cpp
  cSingletonBase.cpp
  cSetBoundObject.cpp
  cScene_01_BoundLoad.cpp
c:\users\lee진\desktop\3d 프레임워크\20161123_rendertotexture\direct3d_rendertotexture\direct3d_15\direct3d_15.v12.v12\cscene_01_boundload.cpp(52): warning C4316: 'cTransform': 힙에 할당된 개체가 16에 맞추어져 있지 않을 수도 있습니다
c:\users\lee진\desktop\3d 프레임워크\20161123_rendertotexture\direct3d_rendertotexture\direct3d_15\direct3d_15.v12.v12\cscene_01_boundload.cpp(59): warning C4018: '<': signed 또는 unsigned가 일치하지 않습니다.
c:\users\lee진\desktop\3d 프레임워크\20161123_rendertotexture\direct3d_rendertotexture\direct3d_15\direct3d_15.v12.v12\cscene_01_boundload.cpp(64): warning C4018: '<': signed 또는 unsigned가 일치하지 않습니다.
c:\users\lee진\desktop\3d 프레임워크\20161123_rendertotexture\direct3d_rendertotexture\direct3d_15\direct3d_15.v12.v12\cscene_01_boundload.cpp(83): warning C4018: '<': signed 또는 unsigned가 일치하지 않습니다.
c:\users\lee진\desktop\3d 프레임워크\20161123_rendertotexture\direct3d_rendertotexture\direct3d_15\direct3d_15.v12.v12\cscene_01_boundload.cpp(96): warning C4018: '<': signed 또는 unsigned가 일치하지 않습니다.
c:\users\lee진\desktop\3d 프레임워크\20161123_rendertotexture\direct3d_rendertotexture\direct3d_15\direct3d_15.v12.v12\cscene_01_boundload.cpp(105): warning C4244: '인수': 'FLOAT'에서 'int'(으)로 변환하면서 데이터가 손실될 수 있습니다.
c:\users\lee진\desktop\3d 프레임워크\20161123_rendertotexture\direct3d_rendertotexture\direct3d_15\direct3d_15.v12.v12\cscene_01_boundload.cpp(127): warning C4018: '<': signed 또는 unsigned가 일치하지 않습니다.
c:\users\lee진\desktop\3d 프레임워크\20161123_rendertotexture\direct3d_rendertotexture\direct3d_15\direct3d_15.v12.v12\cscene_01_boundload.cpp(145): warning C4244: '=': 'double'에서 'float'(으)로 변환하면서 데이터가 손실될 수 있습니다.
c:\users\lee진\desktop\3d 프레임워크\20161123_rendertotexture\direct3d_rendertotexture\direct3d_15\direct3d_15.v12.v12\cscene_01_boundload.cpp(147): warning C4244: '=': 'double'에서 'float'(으)로 변환하면서 데이터가 손실될 수 있습니다.
c:\users\lee진\desktop\3d 프레임워크\20161123_rendertotexture\direct3d_rendertotexture\direct3d_15\direct3d_15.v12.v12\cscene_01_boundload.cpp(149): warning C4244: '=': 'double'에서 'float'(으)로 변환하면서 데이터가 손실될 수 있습니다.
c:\users\lee진\desktop\3d 프레임워크\20161123_rendertotexture\direct3d_rendertotexture\direct3d_15\direct3d_15.v12.v12\cscene_01_boundload.cpp(155): warning C4244: '=': 'double'에서 'FLOAT'(으)로 변환하면서 데이터가 손실될 수 있습니다.
c:\users\lee진\desktop\3d 프레임워크\20161123_rendertotexture\direct3d_rendertotexture\direct3d_15\direct3d_15.v12.v12\cscene_01_boundload.cpp(157): warning C4244: '=': 'double'에서 'FLOAT'(으)로 변환하면서 데이터가 손실될 수 있습니다.
c:\users\lee진\desktop\3d 프레임워크\20161123_rendertotexture\direct3d_rendertotexture\direct3d_15\direct3d_15.v12.v12\cscene_01_boundload.cpp(159): warning C4244: '=': 'double'에서 'FLOAT'(으)로 변환하면서 데이터가 손실될 수 있습니다.
c:\users\lee진\desktop\3d 프레임워크\20161123_rendertotexture\direct3d_rendertotexture\direct3d_15\direct3d_15.v12.v12\cscene_01_boundload.cpp(161): warning C4244: '=': 'double'에서 'FLOAT'(으)로 변환하면서 데이터가 손실될 수 있습니다.
c:\users\lee진\desktop\3d 프레임워크\20161123_rendertotexture\direct3d_rendertotexture\direct3d_15\direct3d_15.v12.v12\cscene_01_boundload.cpp(166): warning C4244: '=': 'double'에서 'float'(으)로 변환하면서 데이터가 손실될 수 있습니다.
c:\users\lee진\desktop\3d 프레임워크\20161123_rendertotexture\direct3d_rendertotexture\direct3d_15\direct3d_15.v12.v12\cscene_01_boundload.cpp(168): warning C4244: '=': 'double'에서 'float'(으)로 변환하면서 데이터가 손실될 수 있습니다.
c:\users\lee진\desktop\3d 프레임워크\20161123_rendertotexture\direct3d_rendertotexture\direct3d_15\direct3d_15.v12.v12\cscene_01_boundload.cpp(170): warning C4244: '=': 'double'에서 'float'(으)로 변환하면서 데이터가 손실될 수 있습니다.
c:\users\lee진\desktop\3d 프레임워크\20161123_rendertotexture\direct3d_rendertotexture\direct3d_15\direct3d_15.v12.v12\cscene_01_boundload.cpp(175): warning C4244: '=': 'double'에서 'float'(으)로 변환하면서 데이터가 손실될 수 있습니다.
c:\users\lee진\desktop\3d 프레임워크\20161123_rendertotexture\direct3d_rendertotexture\direct3d_15\direct3d_15.v12.v12\cscene_01_boundload.cpp(177): warning C4244: '=': 'double'에서 'float'(으)로 변환하면서 데이터가 손실될 수 있습니다.
c:\users\lee진\desktop\3d 프레임워크\20161123_rendertotexture\direct3d_rendertotexture\direct3d_15\direct3d_15.v12.v12\cscene_01_boundload.cpp(179): warning C4244: '=': 'double'에서 'float'(으)로 변환하면서 데이터가 손실될 수 있습니다.
c:\users\lee진\desktop\3d 프레임워크\20161123_rendertotexture\direct3d_rendertotexture\direct3d_15\direct3d_15.v12.v12\cscene_01_boundload.cpp(184): warning C4244: '=': 'double'에서 'float'(으)로 변환하면서 데이터가 손실될 수 있습니다.
c:\users\lee진\desktop\3d 프레임워크\20161123_rendertotexture\direct3d_rendertotexture\direct3d_15\direct3d_15.v12.v12\cscene_01_boundload.cpp(186): warning C4244: '=': 'double'에서 'float'(으)로 변환하면서 데이터가 손실될 수 있습니다.
c:\users\lee진\desktop\3d 프레임워크\20161123_rendertotexture\direct3d_rendertotexture\direct3d_15\direct3d_15.v12.v12\cscene_01_boundload.cpp(188): warning C4244: '=': 'double'에서 'float'(으)로 변환하면서 데이터가 손실될 수 있습니다.
  cScene_00_BoundSet.cpp
c:\users\lee진\desktop\3d 프레임워크\20161123_rendertotexture\direct3d_rendertotexture\direct3d_15\direct3d_15.v12.v12\cscene_00_boundset.cpp(59): warning C4018: '<': signed 또는 unsigned가 일치하지 않습니다.
c:\users\lee진\desktop\3d 프레임워크\20161123_rendertotexture\direct3d_rendertotexture\direct3d_15\direct3d_15.v12.v12\cscene_00_boundset.cpp(64): warning C4018: '<': signed 또는 unsigned가 일치하지 않습니다.
c:\users\lee진\desktop\3d 프레임워크\20161123_rendertotexture\direct3d_rendertotexture\direct3d_15\direct3d_15.v12.v12\cscene_00_boundset.cpp(92): warning C4244: '인수': 'LONG'에서 'FLOAT'(으)로 변환하면서 데이터가 손실될 수 있습니다.
c:\users\lee진\desktop\3d 프레임워크\20161123_rendertotexture\direct3d_rendertotexture\direct3d_15\direct3d_15.v12.v12\cscene_00_boundset.cpp(100): warning C4018: '<': signed 또는 unsigned가 일치하지 않습니다.
c:\users\lee진\desktop\3d 프레임워크\20161123_rendertotexture\direct3d_rendertotexture\direct3d_15\direct3d_15.v12.v12\cscene_00_boundset.cpp(128): warning C4018: '<': signed 또는 unsigned가 일치하지 않습니다.
c:\users\lee진\desktop\3d 프레임워크\20161123_rendertotexture\direct3d_rendertotexture\direct3d_15\direct3d_15.v12.v12\cscene_00_boundset.cpp(178): warning C4018: '<': signed 또는 unsigned가 일치하지 않습니다.
c:\users\lee진\desktop\3d 프레임워크\20161123_rendertotexture\direct3d_rendertotexture\direct3d_15\direct3d_15.v12.v12\cscene_00_boundset.cpp(191): warning C4018: '<': signed 또는 unsigned가 일치하지 않습니다.
c:\users\lee진\desktop\3d 프레임워크\20161123_rendertotexture\direct3d_rendertotexture\direct3d_15\direct3d_15.v12.v12\cscene_00_boundset.cpp(205): warning C4018: '<': signed 또는 unsigned가 일치하지 않습니다.
  cScene.cpp
c:\users\lee진\desktop\3d 프레임워크\20161123_rendertotexture\direct3d_rendertotexture\direct3d_15\direct3d_15.v12.v12\cscene.cpp(12): warning C4316: 'cCamera': 힙에 할당된 개체가 16에 맞추어져 있지 않을 수도 있습니다
  cResourceMgr_XStaticMesh.cpp
  cResourceMgr_Texture.cpp
  cResourceMgr_ShaderFX.cpp
  cResourceMgr.cpp
  cPlayerPlane.cpp
  cPhysicManager.cpp
c:\users\lee진\desktop\3d 프레임워크\20161123_rendertotexture\direct3d_rendertotexture\direct3d_15\direct3d_15.v12.v12\cphysicmanager.cpp(338): warning C4018: '<': signed 또는 unsigned가 일치하지 않습니다.
c:\users\lee진\desktop\3d 프레임워크\20161123_rendertotexture\direct3d_rendertotexture\direct3d_15\direct3d_15.v12.v12\cphysicmanager.cpp(1042): warning C4244: '인수': 'double'에서 'float'(으)로 변환하면서 데이터가 손실될 수 있습니다.
c:\users\lee진\desktop\3d 프레임워크\20161123_rendertotexture\direct3d_rendertotexture\direct3d_15\direct3d_15.v12.v12\cphysicmanager.cpp(1073): warning C4244: '인수': 'double'에서 'float'(으)로 변환하면서 데이터가 손실될 수 있습니다.
  cMainGame.cpp
  cLogMgr.cpp
  코드를 생성하고 있습니다...
  컴파일하고 있습니다...
  cLight_Point.cpp
  cLight_Direction.cpp
  cLight.cpp
c:\users\lee진\desktop\3d 프레임워크\20161123_rendertotexture\direct3d_rendertotexture\direct3d_15\direct3d_15.v12.v12\clight.cpp(8): warning C4316: 'cTransform': 힙에 할당된 개체가 16에 맞추어져 있지 않을 수도 있습니다
  cKeyMgr.cpp
c:\users\lee진\desktop\3d 프레임워크\20161123_rendertotexture\direct3d_rendertotexture\direct3d_15\direct3d_15.v12.v12\ckeymgr.cpp(29): warning C4800: 'int': 'true' 또는 'false'로 bool 값을 강제하고 있습니다(성능 경고).
  cImage.cpp
  cGizmoManager.cpp
  cEnemyPlane.cpp
  cDXFontManager.cpp
c:\users\lee진\desktop\3d 프레임워크\20161123_rendertotexture\direct3d_rendertotexture\direct3d_15\direct3d_15.v12.v12\cdxfontmanager.cpp(31): warning C4244: '인수': 'float'에서 'UINT'(으)로 변환하면서 데이터가 손실될 수 있습니다.
c:\users\lee진\desktop\3d 프레임워크\20161123_rendertotexture\direct3d_rendertotexture\direct3d_15\direct3d_15.v12.v12\cdxfontmanager.cpp(31): warning C4244: '인수': 'float'에서 'INT'(으)로 변환하면서 데이터가 손실될 수 있습니다.
c:\users\lee진\desktop\3d 프레임워크\20161123_rendertotexture\direct3d_rendertotexture\direct3d_15\direct3d_15.v12.v12\cdxfontmanager.cpp(73): warning C4244: '인수': 'float'에서 'UINT'(으)로 변환하면서 데이터가 손실될 수 있습니다.
c:\users\lee진\desktop\3d 프레임워크\20161123_rendertotexture\direct3d_rendertotexture\direct3d_15\direct3d_15.v12.v12\cdxfontmanager.cpp(73): warning C4244: '인수': 'float'에서 'INT'(으)로 변환하면서 데이터가 손실될 수 있습니다.
  cCamera.cpp
  cBoundSphere.cpp
  cBoundBox.cpp
  cBaseObject.cpp
c:\users\lee진\desktop\3d 프레임워크\20161123_rendertotexture\direct3d_rendertotexture\direct3d_15\direct3d_15.v12.v12\cbaseobject.cpp(8): warning C4316: 'cTransform': 힙에 할당된 개체가 16에 맞추어져 있지 않을 수도 있습니다
  코드를 생성하고 있습니다...
  Direct3D_15.vcxproj -> C:\Users\Lee진\Desktop\3D 프레임워크\20161123_RenderToTexture\Direct3D_RenderToTexture\Direct3D_15\Direct3D_15.v12.v12\Debug\Direct3D_015_BoundSet.exe
  Direct3D_15.vcxproj -> C:\Users\Lee진\Desktop\3D 프레임워크\20161123_RenderToTexture\Direct3D_RenderToTexture\Direct3D_15\Direct3D_15.v12.v12\Debug\Direct3D_015_BoundSet.pdb (Full PDB)
