c:\users\lee진\desktop\포폴\sgapt\pt\3d\3d\debug\vc140.pdb
c:\users\lee진\desktop\포폴\sgapt\pt\3d\3d\debug\vc140.idb
c:\users\lee진\desktop\포폴\sgapt\pt\3d\3d\debug\ccamera.obj
c:\users\lee진\desktop\포폴\sgapt\pt\3d\3d\debug\ccrtcontroller.obj
c:\users\lee진\desktop\포폴\sgapt\pt\3d\3d\debug\ccube.obj
c:\users\lee진\desktop\포폴\sgapt\pt\3d\3d\debug\cdevicemanager.obj
c:\users\lee진\desktop\포폴\sgapt\pt\3d\3d\debug\cfontmanager.obj
c:\users\lee진\desktop\포폴\sgapt\pt\3d\3d\debug\cfrustum.obj
c:\users\lee진\desktop\포폴\sgapt\pt\3d\3d\debug\cgrid.obj
c:\users\lee진\desktop\포폴\sgapt\pt\3d\3d\debug\cgroup.obj
c:\users\lee진\desktop\포폴\sgapt\pt\3d\3d\debug\cmaingame.obj
c:\users\lee진\desktop\포폴\sgapt\pt\3d\3d\debug\cmtltex.obj
c:\users\lee진\desktop\포폴\sgapt\pt\3d\3d\debug\cobject.obj
c:\users\lee진\desktop\포폴\sgapt\pt\3d\3d\debug\cobjloader.obj
c:\users\lee진\desktop\포폴\sgapt\pt\3d\3d\debug\cobjmap.obj
c:\users\lee진\desktop\포폴\sgapt\pt\3d\3d\debug\cskinnedmesh.obj
c:\users\lee진\desktop\포폴\sgapt\pt\3d\3d\debug\cskinnedmeshmanager.obj
c:\users\lee진\desktop\포폴\sgapt\pt\3d\3d\debug\cterrain.obj
c:\users\lee진\desktop\포폴\sgapt\pt\3d\3d\debug\ctexturemanager.obj
c:\users\lee진\desktop\포폴\sgapt\pt\3d\3d\debug\ctimemanager.obj
c:\users\lee진\desktop\포폴\sgapt\pt\3d\3d\debug\imap.obj
c:\users\lee진\desktop\포폴\sgapt\pt\3d\3d\debug\keymanager.obj
c:\users\lee진\desktop\포폴\sgapt\pt\3d\3d\debug\3d.obj
c:\users\lee진\desktop\포폴\sgapt\pt\3d\3d\debug\callocatehierarchy.obj
c:\users\lee진\desktop\포폴\sgapt\pt\3d\3d\debug\cautoreleasepool.obj
c:\users\lee진\desktop\포폴\sgapt\pt\3d\3d\debug\cboundbox.obj
c:\users\lee진\desktop\3d 백업\3d\debug\3d.pch
c:\users\lee진\desktop\3d 백업\3d\debug\vc140.pdb
c:\users\lee진\desktop\3d 백업\3d\debug\vc140.idb
c:\users\lee진\desktop\3d 백업\3d\debug\stdafx.obj
c:\users\lee진\desktop\3d 백업\3d\debug\callocatehierarchy.obj
c:\users\lee진\desktop\3d 백업\3d\debug\cautoreleasepool.obj
c:\users\lee진\desktop\3d 백업\3d\debug\cboundbox.obj
c:\users\lee진\desktop\3d 백업\3d\debug\ccamera.obj
c:\users\lee진\desktop\3d 백업\3d\debug\ccrtcontroller.obj
c:\users\lee진\desktop\3d 백업\3d\debug\cdevicemanager.obj
c:\users\lee진\desktop\3d 백업\3d\debug\cfontmanager.obj
c:\users\lee진\desktop\3d 백업\3d\debug\cfrustum.obj
c:\users\lee진\desktop\3d 백업\3d\debug\cgrid.obj
c:\users\lee진\desktop\3d 백업\3d\debug\cgroup.obj
c:\users\lee진\desktop\3d 백업\3d\debug\cmaingame.obj
c:\users\lee진\desktop\3d 백업\3d\debug\cmap.obj
c:\users\lee진\desktop\3d 백업\3d\debug\cmtltex.obj
c:\users\lee진\desktop\3d 백업\3d\debug\cobject.obj
c:\users\lee진\desktop\3d 백업\3d\debug\cobjloader.obj
c:\users\lee진\desktop\3d 백업\3d\debug\cskinnedmesh.obj
c:\users\lee진\desktop\3d 백업\3d\debug\cskinnedmeshmanager.obj
c:\users\lee진\desktop\3d 백업\3d\debug\ctexturemanager.obj
c:\users\lee진\desktop\3d 백업\3d\debug\ctimemanager.obj
c:\users\lee진\desktop\3d 백업\3d\debug\keymanager.obj
c:\users\lee진\desktop\3d 백업\3d\debug\3d.obj
c:\users\lee진\desktop\3d 백업\3d\debug\cobb.obj
c:\users\lee진\desktop\포폴\sgapt\pt\3d\debug\3d.ilk
c:\users\lee진\desktop\포폴\sgapt\pt\3d\debug\3d.exe
c:\users\lee진\desktop\포폴\sgapt\pt\3d\debug\3d.pdb
c:\users\lee진\desktop\3d 백업\debug\3d.ilk
c:\users\lee진\desktop\3d 백업\debug\3d.exe
c:\users\lee진\desktop\3d 백업\debug\3d.pdb
c:\users\lee진\desktop\포폴\sgapt\pt\3d\3d\debug\3d.res
c:\users\lee진\desktop\3d 백업\3d\debug\3d.res
c:\users\lee진\desktop\3d 백업\3d\debug\cboundsphere.obj
c:\users\lee진\desktop\3d 백업\3d\debug\ccube.obj
c:\users\lee진\desktop\3d 백업\3d\debug\cgizmomanager.obj
c:\users\lee진\desktop\3d 백업\3d\debug\cimage.obj
c:\users\lee진\desktop\3d 백업\3d\debug\cobjmap.obj
c:\users\lee진\desktop\3d 백업\3d\debug\collision.obj
c:\users\lee진\desktop\3d 백업\3d\debug\cterrain.obj
c:\users\lee진\desktop\3d 백업\3d\debug\imap.obj
c:\users\lee진\desktop\3d 백업\3d\debug\cmaingame.obj.enc
c:\users\lee진\desktop\3d 백업\3d\debug\cobjloader.obj.enc
c:\users\lee진\desktop\3d 백업\3d\debug\cterrain.obj.enc
c:\users\lee진\desktop\3d 백업\3d\debug\3d.tlog\cl.command.1.tlog
c:\users\lee진\desktop\3d 백업\3d\debug\3d.tlog\cl.read.1.tlog
c:\users\lee진\desktop\3d 백업\3d\debug\3d.tlog\cl.write.1.tlog
c:\users\lee진\desktop\3d 백업\3d\debug\3d.tlog\link.command.1.tlog
c:\users\lee진\desktop\3d 백업\3d\debug\3d.tlog\link.read.1.tlog
c:\users\lee진\desktop\3d 백업\3d\debug\3d.tlog\link.write.1.tlog
c:\users\lee진\desktop\3d 백업\3d\debug\3d.tlog\rc.command.1.tlog
c:\users\lee진\desktop\3d 백업\3d\debug\3d.tlog\rc.read.1.tlog
c:\users\lee진\desktop\3d 백업\3d\debug\3d.tlog\rc.write.1.tlog
