  stdafx.cpp
  keyManager.cpp
  cTimeManager.cpp
  cTextureManager.cpp
  cSkinnedMeshManager.cpp
  cSkinnedMesh.cpp
  cObjLoader.cpp
  cObject.cpp
  cOBB.cpp
  cMtlTex.cpp
  cMap.cpp
c:\users\lee진\desktop\3d 백업\3d\cmap.cpp(33): warning C4316: 'cCamera': 힙에 할당된 개체가 16에 맞추어져 있지 않을 수도 있습니다
c:\users\lee진\desktop\3d 백업\3d\cmap.cpp(36): warning C4316: 'cCrtController': 힙에 할당된 개체가 16에 맞추어져 있지 않을 수도 있습니다
c:\users\lee진\desktop\3d 백업\3d\cmap.cpp(102): warning C4018: '<': signed 또는 unsigned가 일치하지 않습니다.
c:\users\lee진\desktop\3d 백업\3d\cmap.cpp(124): warning C4305: '인수': 'double'에서 'FLOAT'(으)로 잘립니다.
c:\users\lee진\desktop\3d 백업\3d\cmap.cpp(128): warning C4305: '인수': 'double'에서 'FLOAT'(으)로 잘립니다.
c:\users\lee진\desktop\3d 백업\3d\cmap.cpp(132): warning C4305: '인수': 'double'에서 'FLOAT'(으)로 잘립니다.
c:\users\lee진\desktop\3d 백업\3d\cmap.cpp(136): warning C4305: '인수': 'double'에서 'FLOAT'(으)로 잘립니다.
  cMainGame.cpp
c:\users\lee진\desktop\3d 백업\3d\cmaingame.cpp(476): warning C4244: '초기화 중': 'LONG'에서 'float'(으)로 변환하면서 데이터가 손실될 수 있습니다.
c:\users\lee진\desktop\3d 백업\3d\cmaingame.cpp(477): warning C4244: '초기화 중': 'LONG'에서 'float'(으)로 변환하면서 데이터가 손실될 수 있습니다.
c:\users\lee진\desktop\3d 백업\3d\cmaingame.cpp(480): warning C4244: '=': 'LONG'에서 'float'(으)로 변환하면서 데이터가 손실될 수 있습니다.
c:\users\lee진\desktop\3d 백업\3d\cmaingame.cpp(481): warning C4244: '=': 'LONG'에서 'float'(으)로 변환하면서 데이터가 손실될 수 있습니다.
  cGroup.cpp
  cGrid.cpp
  cFrustum.cpp
  cFontManager.cpp
  cDeviceManager.cpp
  cCrtController.cpp
c:\users\lee진\desktop\3d 백업\3d\ccrtcontroller.cpp(31): warning C4316: 'cOBB': 힙에 할당된 개체가 16에 맞추어져 있지 않을 수도 있습니다
c:\users\lee진\desktop\3d 백업\3d\ccrtcontroller.cpp(74): warning C4305: '인수': 'double'에서 'FLOAT'(으)로 잘립니다.
c:\users\lee진\desktop\3d 백업\3d\ccrtcontroller.cpp(182): warning C4305: '인수': 'double'에서 'FLOAT'(으)로 잘립니다.
c:\users\lee진\desktop\3d 백업\3d\ccrtcontroller.cpp(187): warning C4305: '인수': 'double'에서 'FLOAT'(으)로 잘립니다.
c:\users\lee진\desktop\3d 백업\3d\ccrtcontroller.cpp(192): warning C4305: '인수': 'double'에서 'FLOAT'(으)로 잘립니다.
c:\users\lee진\desktop\3d 백업\3d\ccrtcontroller.cpp(197): warning C4305: '인수': 'double'에서 'FLOAT'(으)로 잘립니다.
c:\users\lee진\desktop\3d 백업\3d\ccrtcontroller.cpp(202): warning C4305: '인수': 'double'에서 'FLOAT'(으)로 잘립니다.
c:\users\lee진\desktop\3d 백업\3d\ccrtcontroller.cpp(207): warning C4305: '인수': 'double'에서 'FLOAT'(으)로 잘립니다.
c:\users\lee진\desktop\3d 백업\3d\ccrtcontroller.cpp(212): warning C4305: '인수': 'double'에서 'FLOAT'(으)로 잘립니다.
c:\users\lee진\desktop\3d 백업\3d\ccrtcontroller.cpp(217): warning C4305: '인수': 'double'에서 'FLOAT'(으)로 잘립니다.
c:\users\lee진\desktop\3d 백업\3d\ccrtcontroller.cpp(222): warning C4305: '인수': 'double'에서 'FLOAT'(으)로 잘립니다.
c:\users\lee진\desktop\3d 백업\3d\ccrtcontroller.cpp(227): warning C4305: '인수': 'double'에서 'FLOAT'(으)로 잘립니다.
c:\users\lee진\desktop\3d 백업\3d\ccrtcontroller.cpp(232): warning C4305: '인수': 'double'에서 'FLOAT'(으)로 잘립니다.
c:\users\lee진\desktop\3d 백업\3d\ccrtcontroller.cpp(237): warning C4305: '인수': 'double'에서 'FLOAT'(으)로 잘립니다.
c:\users\lee진\desktop\3d 백업\3d\ccrtcontroller.cpp(242): warning C4305: '인수': 'double'에서 'FLOAT'(으)로 잘립니다.
c:\users\lee진\desktop\3d 백업\3d\ccrtcontroller.cpp(247): warning C4305: '인수': 'double'에서 'FLOAT'(으)로 잘립니다.
c:\users\lee진\desktop\3d 백업\3d\ccrtcontroller.cpp(252): warning C4305: '인수': 'double'에서 'FLOAT'(으)로 잘립니다.
c:\users\lee진\desktop\3d 백업\3d\ccrtcontroller.cpp(257): warning C4305: '인수': 'double'에서 'FLOAT'(으)로 잘립니다.
c:\users\lee진\desktop\3d 백업\3d\ccrtcontroller.cpp(262): warning C4305: '인수': 'double'에서 'FLOAT'(으)로 잘립니다.
  cCamera.cpp
  cBoundBox.cpp
  cAutoReleasePool.cpp
  코드를 생성하고 있습니다...
c:\users\lee진\desktop\3d 백업\3d\ccrtcontroller.cpp(123): warning C4715: 'cCrtController::GetHeight': 모든 제어 경로에서 값을 반환하지는 않습니다.
  컴파일하고 있습니다...
  cAllocateHierarchy.cpp
c:\users\lee진\desktop\3d 백업\3d\callocatehierarchy.cpp(19): warning C4316: 'ST_BONE': 힙에 할당된 개체가 16에 맞추어져 있지 않을 수도 있습니다
  3D.cpp
  코드를 생성하고 있습니다...
  3D.vcxproj -> C:\Users\Lee진\Desktop\3D 백업\Debug\3D.exe
  3D.vcxproj -> C:\Users\Lee진\Desktop\3D 백업\Debug\3D.pdb (Full PDB)
