  stdafx.cpp
  MyUtil.cpp
c:\users\lee진\desktop\3d 프레임워크\20161123_rendertotexture\direct3d_rendertotexture\direct3d_08\direct3d_08.v12.v12\myutil.cpp(288): warning C4018: '<': signed 또는 unsigned가 일치하지 않습니다.
  Direct3D_00.cpp
  cTransform.cpp
c:\users\lee진\desktop\3d 프레임워크\20161123_rendertotexture\direct3d_rendertotexture\direct3d_08\direct3d_08.v12.v12\ctransform.cpp(1376): warning C4244: '초기화 중': 'LONG'에서 'float'(으)로 변환하면서 데이터가 손실될 수 있습니다.
c:\users\lee진\desktop\3d 프레임워크\20161123_rendertotexture\direct3d_rendertotexture\direct3d_08\direct3d_08.v12.v12\ctransform.cpp(1377): warning C4244: '초기화 중': 'LONG'에서 'float'(으)로 변환하면서 데이터가 손실될 수 있습니다.
  cTimeMgr.cpp
  cSingletonBase.cpp
  cScene_03.cpp
  cScene_02.cpp
  cScene_01.cpp
  cScene_00.cpp
  cScene.cpp
  cMainGame.cpp
c:\users\lee진\desktop\3d 프레임워크\20161123_rendertotexture\direct3d_rendertotexture\direct3d_08\direct3d_08.v12.v12\cmaingame.cpp(34): warning C4316: 'cScene_03': 힙에 할당된 개체가 16에 맞추어져 있지 않을 수도 있습니다
  cLogMgr.cpp
  cKeyMgr.cpp
c:\users\lee진\desktop\3d 프레임워크\20161123_rendertotexture\direct3d_rendertotexture\direct3d_08\direct3d_08.v12.v12\ckeymgr.cpp(29): warning C4800: 'int': 'true' 또는 'false'로 bool 값을 강제하고 있습니다(성능 경고).
  cImage.cpp
  cGizmoManager.cpp
  cDXFontManager.cpp
c:\users\lee진\desktop\3d 프레임워크\20161123_rendertotexture\direct3d_rendertotexture\direct3d_08\direct3d_08.v12.v12\cdxfontmanager.cpp(31): warning C4244: '인수': 'float'에서 'UINT'(으)로 변환하면서 데이터가 손실될 수 있습니다.
c:\users\lee진\desktop\3d 프레임워크\20161123_rendertotexture\direct3d_rendertotexture\direct3d_08\direct3d_08.v12.v12\cdxfontmanager.cpp(31): warning C4244: '인수': 'float'에서 'INT'(으)로 변환하면서 데이터가 손실될 수 있습니다.
c:\users\lee진\desktop\3d 프레임워크\20161123_rendertotexture\direct3d_rendertotexture\direct3d_08\direct3d_08.v12.v12\cdxfontmanager.cpp(73): warning C4244: '인수': 'float'에서 'UINT'(으)로 변환하면서 데이터가 손실될 수 있습니다.
c:\users\lee진\desktop\3d 프레임워크\20161123_rendertotexture\direct3d_rendertotexture\direct3d_08\direct3d_08.v12.v12\cdxfontmanager.cpp(73): warning C4244: '인수': 'float'에서 'INT'(으)로 변환하면서 데이터가 손실될 수 있습니다.
  cCamera.cpp
  코드를 생성하고 있습니다...
  Direct3D_08.vcxproj -> C:\Users\Lee진\Desktop\3D 프레임워크\20161123_RenderToTexture\Direct3D_RenderToTexture\Direct3D_08\Direct3D_08.v12.v12\Debug\Direct3D_008_Lighting.exe
  Direct3D_08.vcxproj -> C:\Users\Lee진\Desktop\3D 프레임워크\20161123_RenderToTexture\Direct3D_RenderToTexture\Direct3D_08\Direct3D_08.v12.v12\Debug\Direct3D_008_Lighting.pdb (Full PDB)
