  stdafx.cpp
  MyUtil.cpp
  Direct3D_00.cpp
  cTransform.cpp
c:\users\lee진\desktop\3d 프레임워크\20161123_rendertotexture\direct3d_rendertotexture\direct3d_07\direct3d_07.v12.v12\ctransform.cpp(1376): warning C4244: '초기화 중': 'LONG'에서 'float'(으)로 변환하면서 데이터가 손실될 수 있습니다.
c:\users\lee진\desktop\3d 프레임워크\20161123_rendertotexture\direct3d_rendertotexture\direct3d_07\direct3d_07.v12.v12\ctransform.cpp(1377): warning C4244: '초기화 중': 'LONG'에서 'float'(으)로 변환하면서 데이터가 손실될 수 있습니다.
  cTimeMgr.cpp
  cSingletonBase.cpp
  cScene_04.cpp
c:\users\lee진\desktop\3d 프레임워크\20161123_rendertotexture\direct3d_rendertotexture\direct3d_07\direct3d_07.v12.v12\cscene_04.cpp(24): warning C4316: 'cTransform': 힙에 할당된 개체가 16에 맞추어져 있지 않을 수도 있습니다
c:\users\lee진\desktop\3d 프레임워크\20161123_rendertotexture\direct3d_rendertotexture\direct3d_07\direct3d_07.v12.v12\cscene_04.cpp(25): warning C4316: 'cTransform': 힙에 할당된 개체가 16에 맞추어져 있지 않을 수도 있습니다
c:\users\lee진\desktop\3d 프레임워크\20161123_rendertotexture\direct3d_rendertotexture\direct3d_07\direct3d_07.v12.v12\cscene_04.cpp(28): warning C4316: 'cTransform': 힙에 할당된 개체가 16에 맞추어져 있지 않을 수도 있습니다
c:\users\lee진\desktop\3d 프레임워크\20161123_rendertotexture\direct3d_rendertotexture\direct3d_07\direct3d_07.v12.v12\cscene_04.cpp(29): warning C4316: 'cTransform': 힙에 할당된 개체가 16에 맞추어져 있지 않을 수도 있습니다
c:\users\lee진\desktop\3d 프레임워크\20161123_rendertotexture\direct3d_rendertotexture\direct3d_07\direct3d_07.v12.v12\cscene_04.cpp(32): warning C4316: 'cTransform': 힙에 할당된 개체가 16에 맞추어져 있지 않을 수도 있습니다
c:\users\lee진\desktop\3d 프레임워크\20161123_rendertotexture\direct3d_rendertotexture\direct3d_07\direct3d_07.v12.v12\cscene_04.cpp(33): warning C4316: 'cTransform': 힙에 할당된 개체가 16에 맞추어져 있지 않을 수도 있습니다
c:\users\lee진\desktop\3d 프레임워크\20161123_rendertotexture\direct3d_rendertotexture\direct3d_07\direct3d_07.v12.v12\cscene_04.cpp(36): warning C4316: 'cTransform': 힙에 할당된 개체가 16에 맞추어져 있지 않을 수도 있습니다
c:\users\lee진\desktop\3d 프레임워크\20161123_rendertotexture\direct3d_rendertotexture\direct3d_07\direct3d_07.v12.v12\cscene_04.cpp(37): warning C4316: 'cTransform': 힙에 할당된 개체가 16에 맞추어져 있지 않을 수도 있습니다
c:\users\lee진\desktop\3d 프레임워크\20161123_rendertotexture\direct3d_rendertotexture\direct3d_07\direct3d_07.v12.v12\cscene_04.cpp(40): warning C4316: 'cTransform': 힙에 할당된 개체가 16에 맞추어져 있지 않을 수도 있습니다
c:\users\lee진\desktop\3d 프레임워크\20161123_rendertotexture\direct3d_rendertotexture\direct3d_07\direct3d_07.v12.v12\cscene_04.cpp(41): warning C4316: 'cTransform': 힙에 할당된 개체가 16에 맞추어져 있지 않을 수도 있습니다
c:\users\lee진\desktop\3d 프레임워크\20161123_rendertotexture\direct3d_rendertotexture\direct3d_07\direct3d_07.v12.v12\cscene_04.cpp(69): warning C4316: 'cTransform': 힙에 할당된 개체가 16에 맞추어져 있지 않을 수도 있습니다
c:\users\lee진\desktop\3d 프레임워크\20161123_rendertotexture\direct3d_rendertotexture\direct3d_07\direct3d_07.v12.v12\cscene_04.cpp(72): warning C4316: 'cTransform': 힙에 할당된 개체가 16에 맞추어져 있지 않을 수도 있습니다
c:\users\lee진\desktop\3d 프레임워크\20161123_rendertotexture\direct3d_rendertotexture\direct3d_07\direct3d_07.v12.v12\cscene_04.cpp(76): warning C4316: 'cTransform': 힙에 할당된 개체가 16에 맞추어져 있지 않을 수도 있습니다
c:\users\lee진\desktop\3d 프레임워크\20161123_rendertotexture\direct3d_rendertotexture\direct3d_07\direct3d_07.v12.v12\cscene_04.cpp(80): warning C4316: 'cTransform': 힙에 할당된 개체가 16에 맞추어져 있지 않을 수도 있습니다
c:\users\lee진\desktop\3d 프레임워크\20161123_rendertotexture\direct3d_rendertotexture\direct3d_07\direct3d_07.v12.v12\cscene_04.cpp(86): warning C4316: 'cTransform': 힙에 할당된 개체가 16에 맞추어져 있지 않을 수도 있습니다
c:\users\lee진\desktop\3d 프레임워크\20161123_rendertotexture\direct3d_rendertotexture\direct3d_07\direct3d_07.v12.v12\cscene_04.cpp(92): warning C4316: 'cTransform': 힙에 할당된 개체가 16에 맞추어져 있지 않을 수도 있습니다
c:\users\lee진\desktop\3d 프레임워크\20161123_rendertotexture\direct3d_rendertotexture\direct3d_07\direct3d_07.v12.v12\cscene_04.cpp(98): warning C4316: 'cTransform': 힙에 할당된 개체가 16에 맞추어져 있지 않을 수도 있습니다
c:\users\lee진\desktop\3d 프레임워크\20161123_rendertotexture\direct3d_rendertotexture\direct3d_07\direct3d_07.v12.v12\cscene_04.cpp(104): warning C4316: 'cTransform': 힙에 할당된 개체가 16에 맞추어져 있지 않을 수도 있습니다
c:\users\lee진\desktop\3d 프레임워크\20161123_rendertotexture\direct3d_rendertotexture\direct3d_07\direct3d_07.v12.v12\cscene_04.cpp(110): warning C4316: 'cTransform': 힙에 할당된 개체가 16에 맞추어져 있지 않을 수도 있습니다
c:\users\lee진\desktop\3d 프레임워크\20161123_rendertotexture\direct3d_rendertotexture\direct3d_07\direct3d_07.v12.v12\cscene_04.cpp(124): warning C4316: 'cScene_04::tagKEY_FRAME': 힙에 할당된 개체가 16에 맞추어져 있지 않을 수도 있습니다
c:\users\lee진\desktop\3d 프레임워크\20161123_rendertotexture\direct3d_rendertotexture\direct3d_07\direct3d_07.v12.v12\cscene_04.cpp(127): warning C4316: 'cScene_04::tagKEY_FRAME': 힙에 할당된 개체가 16에 맞추어져 있지 않을 수도 있습니다
c:\users\lee진\desktop\3d 프레임워크\20161123_rendertotexture\direct3d_rendertotexture\direct3d_07\direct3d_07.v12.v12\cscene_04.cpp(130): warning C4316: 'cScene_04::tagKEY_FRAME': 힙에 할당된 개체가 16에 맞추어져 있지 않을 수도 있습니다
c:\users\lee진\desktop\3d 프레임워크\20161123_rendertotexture\direct3d_rendertotexture\direct3d_07\direct3d_07.v12.v12\cscene_04.cpp(139): warning C4316: 'cScene_04::tagKEY_FRAME': 힙에 할당된 개체가 16에 맞추어져 있지 않을 수도 있습니다
c:\users\lee진\desktop\3d 프레임워크\20161123_rendertotexture\direct3d_rendertotexture\direct3d_07\direct3d_07.v12.v12\cscene_04.cpp(142): warning C4316: 'cScene_04::tagKEY_FRAME': 힙에 할당된 개체가 16에 맞추어져 있지 않을 수도 있습니다
c:\users\lee진\desktop\3d 프레임워크\20161123_rendertotexture\direct3d_rendertotexture\direct3d_07\direct3d_07.v12.v12\cscene_04.cpp(145): warning C4316: 'cScene_04::tagKEY_FRAME': 힙에 할당된 개체가 16에 맞추어져 있지 않을 수도 있습니다
c:\users\lee진\desktop\3d 프레임워크\20161123_rendertotexture\direct3d_rendertotexture\direct3d_07\direct3d_07.v12.v12\cscene_04.cpp(148): warning C4316: 'cScene_04::tagKEY_FRAME': 힙에 할당된 개체가 16에 맞추어져 있지 않을 수도 있습니다
c:\users\lee진\desktop\3d 프레임워크\20161123_rendertotexture\direct3d_rendertotexture\direct3d_07\direct3d_07.v12.v12\cscene_04.cpp(157): warning C4316: 'cScene_04::tagKEY_FRAME': 힙에 할당된 개체가 16에 맞추어져 있지 않을 수도 있습니다
c:\users\lee진\desktop\3d 프레임워크\20161123_rendertotexture\direct3d_rendertotexture\direct3d_07\direct3d_07.v12.v12\cscene_04.cpp(160): warning C4316: 'cScene_04::tagKEY_FRAME': 힙에 할당된 개체가 16에 맞추어져 있지 않을 수도 있습니다
c:\users\lee진\desktop\3d 프레임워크\20161123_rendertotexture\direct3d_rendertotexture\direct3d_07\direct3d_07.v12.v12\cscene_04.cpp(163): warning C4316: 'cScene_04::tagKEY_FRAME': 힙에 할당된 개체가 16에 맞추어져 있지 않을 수도 있습니다
c:\users\lee진\desktop\3d 프레임워크\20161123_rendertotexture\direct3d_rendertotexture\direct3d_07\direct3d_07.v12.v12\cscene_04.cpp(166): warning C4316: 'cScene_04::tagKEY_FRAME': 힙에 할당된 개체가 16에 맞추어져 있지 않을 수도 있습니다
c:\users\lee진\desktop\3d 프레임워크\20161123_rendertotexture\direct3d_rendertotexture\direct3d_07\direct3d_07.v12.v12\cscene_04.cpp(169): warning C4316: 'cScene_04::tagKEY_FRAME': 힙에 할당된 개체가 16에 맞추어져 있지 않을 수도 있습니다
c:\users\lee진\desktop\3d 프레임워크\20161123_rendertotexture\direct3d_rendertotexture\direct3d_07\direct3d_07.v12.v12\cscene_04.cpp(274): warning C4244: '인수': 'int'에서 'float'(으)로 변환하면서 데이터가 손실될 수 있습니다.
c:\users\lee진\desktop\3d 프레임워크\20161123_rendertotexture\direct3d_rendertotexture\direct3d_07\direct3d_07.v12.v12\cscene_04.cpp(336): warning C4800: 'LPDIRECT3DDEVICE9': 'true' 또는 'false'로 bool 값을 강제하고 있습니다(성능 경고).
  cScene_03.cpp
c:\users\lee진\desktop\3d 프레임워크\20161123_rendertotexture\direct3d_rendertotexture\direct3d_07\direct3d_07.v12.v12\cscene_03.cpp(28): warning C4316: 'cTransform': 힙에 할당된 개체가 16에 맞추어져 있지 않을 수도 있습니다
  cScene_02.cpp
  cScene_01.cpp
  cScene_00.cpp
  cScene.cpp
  cMainGame.cpp
c:\users\lee진\desktop\3d 프레임워크\20161123_rendertotexture\direct3d_rendertotexture\direct3d_07\direct3d_07.v12.v12\cmaingame.cpp(35): warning C4316: 'cScene_04': 힙에 할당된 개체가 16에 맞추어져 있지 않을 수도 있습니다
  cLogMgr.cpp
  cKeyMgr.cpp
c:\users\lee진\desktop\3d 프레임워크\20161123_rendertotexture\direct3d_rendertotexture\direct3d_07\direct3d_07.v12.v12\ckeymgr.cpp(29): warning C4800: 'int': 'true' 또는 'false'로 bool 값을 강제하고 있습니다(성능 경고).
  cImage.cpp
  cGizmoManager.cpp
  cDXFontManager.cpp
c:\users\lee진\desktop\3d 프레임워크\20161123_rendertotexture\direct3d_rendertotexture\direct3d_07\direct3d_07.v12.v12\cdxfontmanager.cpp(31): warning C4244: '인수': 'float'에서 'UINT'(으)로 변환하면서 데이터가 손실될 수 있습니다.
c:\users\lee진\desktop\3d 프레임워크\20161123_rendertotexture\direct3d_rendertotexture\direct3d_07\direct3d_07.v12.v12\cdxfontmanager.cpp(31): warning C4244: '인수': 'float'에서 'INT'(으)로 변환하면서 데이터가 손실될 수 있습니다.
c:\users\lee진\desktop\3d 프레임워크\20161123_rendertotexture\direct3d_rendertotexture\direct3d_07\direct3d_07.v12.v12\cdxfontmanager.cpp(73): warning C4244: '인수': 'float'에서 'UINT'(으)로 변환하면서 데이터가 손실될 수 있습니다.
c:\users\lee진\desktop\3d 프레임워크\20161123_rendertotexture\direct3d_rendertotexture\direct3d_07\direct3d_07.v12.v12\cdxfontmanager.cpp(73): warning C4244: '인수': 'float'에서 'INT'(으)로 변환하면서 데이터가 손실될 수 있습니다.
  cCamera.cpp
  코드를 생성하고 있습니다...
  Direct3D_07.vcxproj -> C:\Users\Lee진\Desktop\3D 프레임워크\20161123_RenderToTexture\Direct3D_RenderToTexture\Direct3D_07\Direct3D_07.v12.v12\Debug\Direct3D_007_Transform Hierachy.exe
  Direct3D_07.vcxproj -> C:\Users\Lee진\Desktop\3D 프레임워크\20161123_RenderToTexture\Direct3D_RenderToTexture\Direct3D_07\Direct3D_07.v12.v12\Debug\Direct3D_007_Transform Hierachy.pdb (Full PDB)
